<?xml version="1.0" encoding="UTF-8"?>
<!-- Generated by org.testng.reporters.JUnitReportReporter -->
<testsuite hostname="DESKTOP-T2AFCJB" failures="0" tests="1" name="testCases.loginPageTestCases" time="63.828" errors="0" timestamp="2023-06-12T08:19:48 IST" skipped="0">
  <testcase classname="testCases.loginPageTestCases" name="loginPagetestcases" time="63.828"/>
  <system-out/>
</testsuite> <!-- testCases.loginPageTestCases -->
