<?xml version="1.0" encoding="UTF-8"?>
<!-- Generated by org.testng.reporters.JUnitReportReporter -->
<testsuite hostname="DESKTOP-T2AFCJB" failures="0" tests="3" name="testCases.manageBookingTestCase" time="207.450" errors="0" timestamp="2023-06-12T08:19:48 IST" skipped="0">
  <testcase classname="testCases.manageBookingTestCase" name="manageBookingpageTestCase" time="70.340"/>
  <system-out/>
  <testcase classname="testCases.manageBookingTestCase" name="manageBookingpageTestCase" time="69.743"/>
  <system-out/>
  <testcase classname="testCases.manageBookingTestCase" name="manageBookingpageTestCase" time="67.367"/>
  <system-out/>
</testsuite> <!-- testCases.manageBookingTestCase -->
