<?xml version="1.0" encoding="UTF-8"?>
<!-- Generated by org.testng.reporters.JUnitReportReporter -->
<testsuite hostname="DESKTOP-T2AFCJB" failures="0" tests="1" name="testCases.roundTripePageTestCase" time="132.491" errors="0" timestamp="2023-06-12T08:19:48 IST" skipped="0">
  <testcase classname="testCases.roundTripePageTestCase" name="oneWayTripTestcases" time="132.491"/>
  <system-out/>
</testsuite> <!-- testCases.roundTripePageTestCase -->
