<?xml version="1.0" encoding="UTF-8"?>
<!-- Generated by org.testng.reporters.JUnitReportReporter -->
<testsuite hostname="DESKTOP-T2AFCJB" failures="0" tests="1" name="testCases.paymentPageTestCases" time="214.200" errors="0" timestamp="2023-06-12T08:19:48 IST" skipped="0">
  <testcase classname="testCases.paymentPageTestCases" name="payMentTC" time="214.200"/>
  <system-out/>
</testsuite> <!-- testCases.paymentPageTestCases -->
