<?xml version="1.0" encoding="UTF-8"?>
<!-- Generated by org.testng.reporters.JUnitReportReporter -->
<testsuite hostname="DESKTOP-T2AFCJB" failures="0" tests="1" name="testCases.oneWayTripTestCases$oneWayTripTestcase" time="161.275" errors="0" timestamp="2023-06-11T01:47:00 IST" skipped="0">
  <testcase classname="testCases.oneWayTripTestCases$oneWayTripTestcase" name="oneWayTripTestcases" time="161.275"/>
  <system-out/>
</testsuite> <!-- testCases.oneWayTripTestCases$oneWayTripTestcase -->
