<?xml version="1.0" encoding="UTF-8"?>
<!-- Generated by org.testng.reporters.JUnitReportReporter -->
<testsuite hostname="DESKTOP-T2AFCJB" failures="0" tests="1" name="testCases.passengerPageTestCase" time="143.191" errors="0" timestamp="2023-06-12T08:19:49 IST" skipped="0">
  <testcase classname="testCases.passengerPageTestCase" name="passengerPgeTestCase" time="143.191"/>
  <system-out/>
</testsuite> <!-- testCases.passengerPageTestCase -->
