<?xml version="1.0" encoding="UTF-8"?>
<!-- Generated by org.testng.reporters.JUnitReportReporter -->
<testsuite hostname="DESKTOP-T2AFCJB" failures="0" tests="1" name="testCases.loginPageTestCases$signupPageTestcase" time="33.003" errors="0" timestamp="2023-06-10T17:31:38 IST" skipped="0">
  <testcase classname="testCases.loginPageTestCases$signupPageTestcase" name="signUppagetestcases" time="33.003"/>
  <system-out/>
</testsuite> <!-- testCases.loginPageTestCases$signupPageTestcase -->
