<?xml version="1.0" encoding="UTF-8"?>
<!-- Generated by org.testng.reporters.JUnitReportReporter -->
<testsuite hostname="DESKTOP-T2AFCJB" failures="0" tests="3" name="testCases.flightStatusTestCase" time="109.594" errors="0" timestamp="2023-06-12T08:19:48 IST" skipped="0">
  <testcase classname="testCases.flightStatusTestCase" name="flightStatuspageTestCase" time="34.886"/>
  <system-out/>
  <testcase classname="testCases.flightStatusTestCase" name="flightStatuspageTestCase" time="37.951"/>
  <system-out/>
  <testcase classname="testCases.flightStatusTestCase" name="flightStatuspageTestCase" time="36.757"/>
  <system-out/>
</testsuite> <!-- testCases.flightStatusTestCase -->
