<?xml version="1.0" encoding="UTF-8"?>
<!-- Generated by org.testng.reporters.JUnitReportReporter -->
<testsuite hostname="DESKTOP-T2AFCJB" failures="0" tests="1" name="testCases.addOnsPageTestCase" time="166.317" errors="0" timestamp="2023-06-12T08:19:49 IST" skipped="0">
  <testcase classname="testCases.addOnsPageTestCase" name="addOnsPageTC" time="166.317"/>
  <system-out/>
</testsuite> <!-- testCases.addOnsPageTestCase -->
